INFO [2022-07-11 16:50:09] $x
INFO [2022-07-11 16:50:09] list(set1, set2, set3)
INFO [2022-07-11 16:50:09] 
INFO [2022-07-11 16:50:09] $category.names
INFO [2022-07-11 16:50:09] c("Set 1", "Set 2 ", "Set 3")
INFO [2022-07-11 16:50:09] 
INFO [2022-07-11 16:50:09] $filename
INFO [2022-07-11 16:50:09] [1] "#14_venn_diagramm.png"
INFO [2022-07-11 16:50:09] 
INFO [2022-07-11 16:50:09] $output
INFO [2022-07-11 16:50:09] [1] TRUE
INFO [2022-07-11 16:50:09] 
INFO [2022-07-11 16:50:09] $imagetype
INFO [2022-07-11 16:50:09] [1] "png"
INFO [2022-07-11 16:50:09] 
INFO [2022-07-11 16:50:09] $height
INFO [2022-07-11 16:50:09] [1] 480
INFO [2022-07-11 16:50:09] 
INFO [2022-07-11 16:50:09] $width
INFO [2022-07-11 16:50:09] [1] 480
INFO [2022-07-11 16:50:09] 
INFO [2022-07-11 16:50:09] $resolution
INFO [2022-07-11 16:50:09] [1] 300
INFO [2022-07-11 16:50:09] 
INFO [2022-07-11 16:50:09] $compression
INFO [2022-07-11 16:50:09] [1] "lzw"
INFO [2022-07-11 16:50:09] 
INFO [2022-07-11 16:50:09] $lwd
INFO [2022-07-11 16:50:09] [1] 2
INFO [2022-07-11 16:50:09] 
INFO [2022-07-11 16:50:09] $lty
INFO [2022-07-11 16:50:09] [1] "blank"
INFO [2022-07-11 16:50:09] 
INFO [2022-07-11 16:50:09] $fill
INFO [2022-07-11 16:50:09] myCol
INFO [2022-07-11 16:50:09] 
INFO [2022-07-11 16:50:09] $cex
INFO [2022-07-11 16:50:09] [1] 0.6
INFO [2022-07-11 16:50:09] 
INFO [2022-07-11 16:50:09] $fontface
INFO [2022-07-11 16:50:09] [1] "bold"
INFO [2022-07-11 16:50:09] 
INFO [2022-07-11 16:50:09] $fontfamily
INFO [2022-07-11 16:50:09] [1] "sans"
INFO [2022-07-11 16:50:09] 
INFO [2022-07-11 16:50:09] $cat.cex
INFO [2022-07-11 16:50:09] [1] 0.6
INFO [2022-07-11 16:50:09] 
INFO [2022-07-11 16:50:09] $cat.fontface
INFO [2022-07-11 16:50:09] [1] "bold"
INFO [2022-07-11 16:50:09] 
INFO [2022-07-11 16:50:09] $cat.default.pos
INFO [2022-07-11 16:50:09] [1] "outer"
INFO [2022-07-11 16:50:09] 
INFO [2022-07-11 16:50:09] $cat.pos
INFO [2022-07-11 16:50:09] c(-27, 27, 135)
INFO [2022-07-11 16:50:09] 
INFO [2022-07-11 16:50:09] $cat.dist
INFO [2022-07-11 16:50:09] c(0.055, 0.055, 0.085)
INFO [2022-07-11 16:50:09] 
INFO [2022-07-11 16:50:09] $cat.fontfamily
INFO [2022-07-11 16:50:09] [1] "sans"
INFO [2022-07-11 16:50:09] 
INFO [2022-07-11 16:50:09] $rotation
INFO [2022-07-11 16:50:09] [1] 1
INFO [2022-07-11 16:50:09] 
