INFO [2022-07-11 16:49:41] $x
INFO [2022-07-11 16:49:41] list(set1, set2, set3)
INFO [2022-07-11 16:49:41] 
INFO [2022-07-11 16:49:41] $category.names
INFO [2022-07-11 16:49:41] c("Set 1", "Set 2 ", "Set 3")
INFO [2022-07-11 16:49:41] 
INFO [2022-07-11 16:49:41] $filename
INFO [2022-07-11 16:49:41] [1] "#14_venn_diagramm.png"
INFO [2022-07-11 16:49:41] 
INFO [2022-07-11 16:49:41] $output
INFO [2022-07-11 16:49:41] [1] TRUE
INFO [2022-07-11 16:49:41] 
INFO [2022-07-11 16:49:41] $imagetype
INFO [2022-07-11 16:49:41] [1] "png"
INFO [2022-07-11 16:49:41] 
INFO [2022-07-11 16:49:41] $height
INFO [2022-07-11 16:49:41] [1] 480
INFO [2022-07-11 16:49:41] 
INFO [2022-07-11 16:49:41] $width
INFO [2022-07-11 16:49:41] [1] 480
INFO [2022-07-11 16:49:41] 
INFO [2022-07-11 16:49:41] $resolution
INFO [2022-07-11 16:49:41] [1] 300
INFO [2022-07-11 16:49:41] 
INFO [2022-07-11 16:49:41] $compression
INFO [2022-07-11 16:49:41] [1] "lzw"
INFO [2022-07-11 16:49:41] 
INFO [2022-07-11 16:49:41] $lwd
INFO [2022-07-11 16:49:41] [1] 2
INFO [2022-07-11 16:49:41] 
INFO [2022-07-11 16:49:41] $lty
INFO [2022-07-11 16:49:41] [1] "blank"
INFO [2022-07-11 16:49:41] 
INFO [2022-07-11 16:49:41] $fill
INFO [2022-07-11 16:49:41] myCol
INFO [2022-07-11 16:49:41] 
INFO [2022-07-11 16:49:41] $cex
INFO [2022-07-11 16:49:41] [1] 0.6
INFO [2022-07-11 16:49:41] 
INFO [2022-07-11 16:49:41] $fontface
INFO [2022-07-11 16:49:41] [1] "bold"
INFO [2022-07-11 16:49:41] 
INFO [2022-07-11 16:49:41] $fontfamily
INFO [2022-07-11 16:49:41] [1] "sans"
INFO [2022-07-11 16:49:41] 
INFO [2022-07-11 16:49:41] $cat.cex
INFO [2022-07-11 16:49:41] [1] 0.6
INFO [2022-07-11 16:49:41] 
INFO [2022-07-11 16:49:41] $cat.fontface
INFO [2022-07-11 16:49:41] [1] "bold"
INFO [2022-07-11 16:49:41] 
INFO [2022-07-11 16:49:41] $cat.default.pos
INFO [2022-07-11 16:49:41] [1] "outer"
INFO [2022-07-11 16:49:41] 
INFO [2022-07-11 16:49:41] $cat.pos
INFO [2022-07-11 16:49:41] c(-27, 27, 135)
INFO [2022-07-11 16:49:41] 
INFO [2022-07-11 16:49:41] $cat.dist
INFO [2022-07-11 16:49:41] c(0.055, 0.055, 0.085)
INFO [2022-07-11 16:49:41] 
INFO [2022-07-11 16:49:41] $cat.fontfamily
INFO [2022-07-11 16:49:41] [1] "sans"
INFO [2022-07-11 16:49:41] 
INFO [2022-07-11 16:49:41] $rotation
INFO [2022-07-11 16:49:41] [1] 1
INFO [2022-07-11 16:49:41] 
